c:\users\justin.loudermilk\documents\github\milkengine\milkengine\debug\vc120.pdb
c:\users\justin.loudermilk\documents\github\milkengine\milkengine\debug\vc120.idb
c:\users\justin.loudermilk\documents\github\milkengine\milkengine\debug\milkengine.obj
c:\users\justin.loudermilk\documents\github\milkengine\milkengine\debug\stdafx.obj
c:\users\justin.loudermilk\documents\github\milkengine\milkengine\debug\milkengine.pdb
c:\users\justin.loudermilk\documents\github\milkengine\milkengine\debug\milkengine.tlog\cl.command.1.tlog
c:\users\justin.loudermilk\documents\github\milkengine\milkengine\debug\milkengine.tlog\cl.read.1.tlog
c:\users\justin.loudermilk\documents\github\milkengine\milkengine\debug\milkengine.tlog\cl.write.1.tlog
c:\users\justin.loudermilk\documents\github\milkengine\milkengine\debug\milkengine.tlog\link-cvtres.read.1.tlog
c:\users\justin.loudermilk\documents\github\milkengine\milkengine\debug\milkengine.tlog\link-cvtres.write.1.tlog
c:\users\justin.loudermilk\documents\github\milkengine\milkengine\debug\milkengine.tlog\link-rc.read.1.tlog
c:\users\justin.loudermilk\documents\github\milkengine\milkengine\debug\milkengine.tlog\link-rc.write.1.tlog
c:\users\justin.loudermilk\documents\github\milkengine\milkengine\debug\milkengine.tlog\link.15664-cvtres.read.1.tlog
c:\users\justin.loudermilk\documents\github\milkengine\milkengine\debug\milkengine.tlog\link.15664-cvtres.write.1.tlog
c:\users\justin.loudermilk\documents\github\milkengine\milkengine\debug\milkengine.tlog\link.15664-rc.read.1.tlog
c:\users\justin.loudermilk\documents\github\milkengine\milkengine\debug\milkengine.tlog\link.15664-rc.write.1.tlog
c:\users\justin.loudermilk\documents\github\milkengine\milkengine\debug\milkengine.tlog\link.15664.read.1.tlog
c:\users\justin.loudermilk\documents\github\milkengine\milkengine\debug\milkengine.tlog\link.15664.write.1.tlog
c:\users\justin.loudermilk\documents\github\milkengine\milkengine\debug\milkengine.tlog\link.command.1.tlog
c:\users\justin.loudermilk\documents\github\milkengine\milkengine\debug\milkengine.tlog\link.read.1.tlog
c:\users\justin.loudermilk\documents\github\milkengine\milkengine\debug\milkengine.tlog\link.write.1.tlog
