Build started 2/1/2015 8:32:32 PM.
     1>Project "B:\GitHub\MilkEngine\MilkEngine\MilkEngine.vcxproj" on node 2 (Build target(s)).
     1>InitializeBuildStatus:
         Creating "Debug\MilkEngine.tlog\unsuccessfulbuild" because "AlwaysCreate" was specified.
       ClCompile:
         B:\Microsoft Visual Studio 12.0\VC\bin\CL.exe /c /ZI /nologo /W3 /WX- /Od /Oy- /D GLM_FORCE_PURE /D WIN32 /D _DEBUG /D _CONSOLE /D _LIB /D _UNICODE /D UNICODE /Gm /EHsc /RTC1 /MDd /GS /fp:precise /Zc:wchar_t /Zc:forScope /Fo"Debug\\" /Fd"Debug\vc120.pdb" /Gd /TP /analyze- /errorReport:prompt src\Quad.cpp
         Quad.cpp
     1>b:\github\milkengine\milkengine\include\gllog.h(11): warning C4996: 'fopen': This function or variable may be unsafe. Consider using fopen_s instead. To disable deprecation, use _CRT_SECURE_NO_WARNINGS. See online help for details.
                 b:\microsoft visual studio 12.0\vc\include\stdio.h(211) : see declaration of 'fopen'
     1>b:\github\milkengine\milkengine\include\gllog.h(17): warning C4996: 'ctime': This function or variable may be unsafe. Consider using ctime_s instead. To disable deprecation, use _CRT_SECURE_NO_WARNINGS. See online help for details.
                 b:\microsoft visual studio 12.0\vc\include\time.inl(86) : see declaration of 'ctime'
     1>b:\github\milkengine\milkengine\include\gllog.h(24): warning C4996: 'fopen': This function or variable may be unsafe. Consider using fopen_s instead. To disable deprecation, use _CRT_SECURE_NO_WARNINGS. See online help for details.
                 b:\microsoft visual studio 12.0\vc\include\stdio.h(211) : see declaration of 'fopen'
     1>b:\github\milkengine\milkengine\include\gllog.h(106): warning C4996: 'sprintf': This function or variable may be unsafe. Consider using sprintf_s instead. To disable deprecation, use _CRT_SECURE_NO_WARNINGS. See online help for details.
                 b:\microsoft visual studio 12.0\vc\include\stdio.h(356) : see declaration of 'sprintf'
     1>b:\github\milkengine\milkengine\include\gllog.h(113): warning C4996: 'sprintf': This function or variable may be unsafe. Consider using sprintf_s instead. To disable deprecation, use _CRT_SECURE_NO_WARNINGS. See online help for details.
                 b:\microsoft visual studio 12.0\vc\include\stdio.h(356) : see declaration of 'sprintf'
     1>b:\github\milkengine\milkengine\include\gllog.h(117): warning C4996: 'sprintf': This function or variable may be unsafe. Consider using sprintf_s instead. To disable deprecation, use _CRT_SECURE_NO_WARNINGS. See online help for details.
                 b:\microsoft visual studio 12.0\vc\include\stdio.h(356) : see declaration of 'sprintf'
       Link:
         B:\Microsoft Visual Studio 12.0\VC\bin\link.exe /ERRORREPORT:PROMPT /OUT:"B:\GitHub\MilkEngine\MilkEngine\Debug\MilkEngine.exe" /INCREMENTAL /NOLOGO tinyxml2d.lib SOIL.lib opengl32.lib glfw3.lib glew32s.lib kernel32.lib user32.lib gdi32.lib winspool.lib comdlg32.lib advapi32.lib shell32.lib ole32.lib oleaut32.lib uuid.lib odbc32.lib odbccp32.lib /MANIFEST /MANIFESTUAC:"level='asInvoker' uiAccess='false'" /manifest:embed /DEBUG /PDB:"B:\GitHub\MilkEngine\MilkEngine\Debug\MilkEngine.pdb" /SUBSYSTEM:CONSOLE /TLBID:1 /DYNAMICBASE /NXCOMPAT /IMPLIB:"B:\GitHub\MilkEngine\MilkEngine\Debug\MilkEngine.lib" /MACHINE:X86 Debug\Animator.obj
         Debug\Sprite.obj
         Debug\Quad.obj
         Debug\MilkEngine.obj
         Debug\Utilities.obj
         SOIL.lib(SOIL.obj) : MSIL .netmodule or module compiled with /GL found; restarting link with /LTCG; add /LTCG to the link command line to improve linker performance
     1>LINK : warning LNK4075: ignoring '/INCREMENTAL' due to '/LTCG' specification
     1>Animator.obj : warning LNK4075: ignoring '/EDITANDCONTINUE' due to '/OPT:LBR' specification
     1>LINK : warning LNK4098: defaultlib 'MSVCRT' conflicts with use of other libs; use /NODEFAULTLIB:library
     1>LINK : warning LNK4098: defaultlib 'LIBCMT' conflicts with use of other libs; use /NODEFAULTLIB:library
         Generating code
         Finished generating code
     1>Sprite.obj : warning LNK4049: locally defined symbol ___glewActiveTexture imported
     1>Sprite.obj : warning LNK4049: locally defined symbol ___glewBindBuffer imported
     1>Quad.obj : warning LNK4049: locally defined symbol ___glewBindBuffer imported
     1>Sprite.obj : warning LNK4049: locally defined symbol ___glewBufferData imported
     1>Quad.obj : warning LNK4049: locally defined symbol ___glewBufferData imported
     1>Sprite.obj : warning LNK4049: locally defined symbol ___glewGenBuffers imported
     1>Quad.obj : warning LNK4049: locally defined symbol ___glewGenBuffers imported
     1>Sprite.obj : warning LNK4049: locally defined symbol ___glewAttachShader imported
     1>Quad.obj : warning LNK4049: locally defined symbol ___glewAttachShader imported
     1>Sprite.obj : warning LNK4049: locally defined symbol ___glewCompileShader imported
     1>Quad.obj : warning LNK4049: locally defined symbol ___glewCompileShader imported
     1>Sprite.obj : warning LNK4049: locally defined symbol ___glewCreateProgram imported
     1>Quad.obj : warning LNK4049: locally defined symbol ___glewCreateProgram imported
     1>Sprite.obj : warning LNK4049: locally defined symbol ___glewCreateShader imported
     1>Quad.obj : warning LNK4049: locally defined symbol ___glewCreateShader imported
     1>Sprite.obj : warning LNK4049: locally defined symbol ___glewEnableVertexAttribArray imported
     1>Quad.obj : warning LNK4049: locally defined symbol ___glewEnableVertexAttribArray imported
     1>Sprite.obj : warning LNK4049: locally defined symbol ___glewGetAttribLocation imported
     1>Quad.obj : warning LNK4049: locally defined symbol ___glewGetAttribLocation imported
     1>Sprite.obj : warning LNK4049: locally defined symbol ___glewGetProgramInfoLog imported
     1>Quad.obj : warning LNK4049: locally defined symbol ___glewGetProgramInfoLog imported
     1>Sprite.obj : warning LNK4049: locally defined symbol ___glewGetProgramiv imported
     1>Quad.obj : warning LNK4049: locally defined symbol ___glewGetProgramiv imported
     1>Sprite.obj : warning LNK4049: locally defined symbol ___glewGetShaderInfoLog imported
     1>Quad.obj : warning LNK4049: locally defined symbol ___glewGetShaderInfoLog imported
     1>Sprite.obj : warning LNK4049: locally defined symbol ___glewGetShaderiv imported
     1>Quad.obj : warning LNK4049: locally defined symbol ___glewGetShaderiv imported
     1>Sprite.obj : warning LNK4049: locally defined symbol ___glewGetUniformLocation imported
     1>Quad.obj : warning LNK4049: locally defined symbol ___glewGetUniformLocation imported
     1>Sprite.obj : warning LNK4049: locally defined symbol ___glewLinkProgram imported
     1>Quad.obj : warning LNK4049: locally defined symbol ___glewLinkProgram imported
     1>Sprite.obj : warning LNK4049: locally defined symbol ___glewShaderSource imported
     1>Quad.obj : warning LNK4049: locally defined symbol ___glewShaderSource imported
     1>Sprite.obj : warning LNK4049: locally defined symbol ___glewUniform1i imported
     1>Sprite.obj : warning LNK4049: locally defined symbol ___glewUseProgram imported
     1>Quad.obj : warning LNK4049: locally defined symbol ___glewUseProgram imported
     1>Sprite.obj : warning LNK4049: locally defined symbol ___glewVertexAttribPointer imported
     1>Quad.obj : warning LNK4049: locally defined symbol ___glewVertexAttribPointer imported
     1>Sprite.obj : warning LNK4049: locally defined symbol ___glewBindVertexArray imported
     1>Quad.obj : warning LNK4049: locally defined symbol ___glewBindVertexArray imported
     1>Quad.obj : warning LNK4049: locally defined symbol ___glewUniformMatrix4fv imported
     1>Quad.obj : warning LNK4049: locally defined symbol ___glewGenVertexArrays imported
     1>SOIL.lib(SOIL.obj) : warning LNK4204: 'B:\GitHub\MilkEngine\MilkEngine\Debug\vc120.pdb' is missing debugging information for referencing module; linking object as if no debug info
     1>SOIL.lib(stb_image_aug.obj) : warning LNK4204: 'B:\GitHub\MilkEngine\MilkEngine\Debug\vc120.pdb' is missing debugging information for referencing module; linking object as if no debug info
     1>SOIL.lib(image_helper.obj) : warning LNK4204: 'B:\GitHub\MilkEngine\MilkEngine\Debug\vc120.pdb' is missing debugging information for referencing module; linking object as if no debug info
     1>SOIL.lib(image_DXT.obj) : warning LNK4204: 'B:\GitHub\MilkEngine\MilkEngine\Debug\vc120.pdb' is missing debugging information for referencing module; linking object as if no debug info
     1>tinyxml2d.lib(tinyxml2.obj) : warning LNK4204: 'B:\GitHub\MilkEngine\MilkEngine\Debug\vc120.pdb' is missing debugging information for referencing module; linking object as if no debug info
     1>glew32s.lib(glew.obj) : warning LNK4204: 'B:\GitHub\MilkEngine\MilkEngine\Debug\vc120.pdb' is missing debugging information for referencing module; linking object as if no debug info
         MilkEngine.vcxproj -> B:\GitHub\MilkEngine\MilkEngine\Debug\MilkEngine.exe
       FinalizeBuildStatus:
         Deleting file "Debug\MilkEngine.tlog\unsuccessfulbuild".
         Touching "Debug\MilkEngine.tlog\MilkEngine.lastbuildstate".
     1>Done Building Project "B:\GitHub\MilkEngine\MilkEngine\MilkEngine.vcxproj" (Build target(s)).

Build succeeded.

Time Elapsed 00:00:01.39
